<?xml version="1.0" encoding="UTF-8"?>
<testng-results ignored="0" total="2" passed="2" failed="0" skipped="0">
  <reporter-output>
  </reporter-output>
  <suite started-at="2024-10-06T17:24:10 IST" name="Default suite" finished-at="2024-10-06T17:24:13 IST" duration-ms="3101">
    <groups>
    </groups>
    <test started-at="2024-10-06T17:24:10 IST" name="Default test" finished-at="2024-10-06T17:24:13 IST" duration-ms="3101">
      <class name="Day1_RestAssured.HTTPRequests">
        <test-method signature="getuser()[pri:0, instance:Day1_RestAssured.HTTPRequests@40ef3420]" started-at="2024-10-06T17:24:10 IST" name="getuser" finished-at="2024-10-06T17:24:13 IST" duration-ms="2321" status="PASS">
          <reporter-output>
          </reporter-output>
        </test-method> <!-- getuser -->
        <test-method signature="createuser()[pri:2, instance:Day1_RestAssured.HTTPRequests@40ef3420]" started-at="2024-10-06T17:24:13 IST" name="createuser" finished-at="2024-10-06T17:24:13 IST" duration-ms="729" status="PASS">
          <reporter-output>
          </reporter-output>
        </test-method> <!-- createuser -->
      </class> <!-- Day1_RestAssured.HTTPRequests -->
    </test> <!-- Default test -->
  </suite> <!-- Default suite -->
</testng-results>
